<?xml version="1.0" encoding="UTF-8"?>
<testsuite xmlns:xsi="http://www.w3.org/2001/XMLSchema-instance" xsi:noNamespaceSchemaLocation="https://maven.apache.org/surefire/maven-surefire-plugin/xsd/surefire-test-report-3.0.xsd" version="3.0" name="com.automation.runners.TestRunner" time="29.062" tests="4" errors="0" skipped="0" failures="0">
  <properties>
[...]
</properties>
  <testcase name="Login with invalid credentials #1" classname="Login to the application" time="2.61">
    <system-out><![CDATA[
Scenario Outline: Login with invalid credentials                                                                             # src/test/resources/features/login.feature:10
🚀 Running tests on Chrome
Initializing LoginSteps...
WebDriver in LoginSteps: ChromeDriver: chrome on mac (58f081767eff078d75d746bb3a01cfa7)
Navigating to: https://www.saucedemo.com/
  Given the user navigates to the login page                                                                                 # com.automation.stepdefinitions.LoginSteps.navigateToLoginPage()
  When the user enters invalid username "wrong_user" and password "secret_sauce"                                             # com.automation.stepdefinitions.LoginSteps.enterInvalidCredentials(java.lang.String,java.lang.String)
  Then the user should see a login error message "Epic sadface: Username and password do not match any user in this service" # com.automation.stepdefinitions.LoginSteps.verifyLoginErrorMessage(java.lang.String)
]]></system-out>
    <system-err><![CDATA[SLF4J: No SLF4J providers were found.
SLF4J: Defaulting to no-operation (NOP) logger implementation
SLF4J: See https://www.slf4j.org/codes.html#noProviders for further details.
Feb 16, 2025 11:25:02 PM org.openqa.selenium.remote.service.DriverService$Builder getLogOutput
INFO: Driver logs no longer sent to console by default; https://www.selenium.dev/documentation/webdriver/drivers/service/#setting-log-output
Feb 16, 2025 11:25:03 PM org.openqa.selenium.devtools.CdpVersionFinder findNearestMatch
WARNING: Unable to find CDP implementation matching 133
Feb 16, 2025 11:25:03 PM org.openqa.selenium.chromium.ChromiumDriver lambda$new$4
WARNING: Unable to find version of CDP to use for . You may need to include a dependency on a specific version of the CDP using something similar to `org.seleniumhq.selenium:selenium-devtools-v86:4.10.0` where the version ("v86") matches the version of the chromium-based browser you're using and the version number of the artifact is the same as Selenium's.
]]></system-err>
  </testcase>
  <testcase name="Login with invalid credentials #2" classname="Login to the application" time="1.962">
    <system-out><![CDATA[
Scenario Outline: Login with invalid credentials                                                                             # src/test/resources/features/login.feature:11
🚀 Running tests on Chrome
Initializing LoginSteps...
WebDriver in LoginSteps: ChromeDriver: chrome on mac (af8917c72954ded0bd75738a5fc30083)
Navigating to: https://www.saucedemo.com/
  Given the user navigates to the login page                                                                                 # com.automation.stepdefinitions.LoginSteps.navigateToLoginPage()
  When the user enters invalid username "standard_user" and password "wrong_pass"                                            # com.automation.stepdefinitions.LoginSteps.enterInvalidCredentials(java.lang.String,java.lang.String)
  Then the user should see a login error message "Epic sadface: Username and password do not match any user in this service" # com.automation.stepdefinitions.LoginSteps.verifyLoginErrorMessage(java.lang.String)
]]></system-out>
    <system-err><![CDATA[Feb 16, 2025 11:25:05 PM org.openqa.selenium.remote.service.DriverService$Builder getLogOutput
INFO: Driver logs no longer sent to console by default; https://www.selenium.dev/documentation/webdriver/drivers/service/#setting-log-output
Feb 16, 2025 11:25:05 PM org.openqa.selenium.devtools.CdpVersionFinder findNearestMatch
WARNING: Unable to find CDP implementation matching 133
Feb 16, 2025 11:25:05 PM org.openqa.selenium.chromium.ChromiumDriver lambda$new$4
WARNING: Unable to find version of CDP to use for . You may need to include a dependency on a specific version of the CDP using something similar to `org.seleniumhq.selenium:selenium-devtools-v86:4.10.0` where the version ("v86") matches the version of the chromium-based browser you're using and the version number of the artifact is the same as Selenium's.
]]></system-err>
  </testcase>
  <testcase name="Login with invalid credentials #3" classname="Login to the application" time="1.818">
    <system-out><![CDATA[
Scenario Outline: Login with invalid credentials                                                       # src/test/resources/features/login.feature:12
🚀 Running tests on Chrome
Initializing LoginSteps...
WebDriver in LoginSteps: ChromeDriver: chrome on mac (d0db22150c5bc39edec97b83abf8d930)
Navigating to: https://www.saucedemo.com/
  Given the user navigates to the login page                                                           # com.automation.stepdefinitions.LoginSteps.navigateToLoginPage()
  When the user enters invalid username "locked_out_user" and password "secret_sauce"                  # com.automation.stepdefinitions.LoginSteps.enterInvalidCredentials(java.lang.String,java.lang.String)
  Then the user should see a login error message "Epic sadface: Sorry, this user has been locked out." # com.automation.stepdefinitions.LoginSteps.verifyLoginErrorMessage(java.lang.String)
]]></system-out>
    <system-err><![CDATA[Feb 16, 2025 11:25:07 PM org.openqa.selenium.remote.service.DriverService$Builder getLogOutput
INFO: Driver logs no longer sent to console by default; https://www.selenium.dev/documentation/webdriver/drivers/service/#setting-log-output
Feb 16, 2025 11:25:07 PM org.openqa.selenium.devtools.CdpVersionFinder findNearestMatch
WARNING: Unable to find CDP implementation matching 133
Feb 16, 2025 11:25:07 PM org.openqa.selenium.chromium.ChromiumDriver lambda$new$4
WARNING: Unable to find version of CDP to use for . You may need to include a dependency on a specific version of the CDP using something similar to `org.seleniumhq.selenium:selenium-devtools-v86:4.10.0` where the version ("v86") matches the version of the chromium-based browser you're using and the version number of the artifact is the same as Selenium's.
]]></system-err>
  </testcase>
  <testcase name="User logs in with valid credentials then Successful checkout process" classname="Login to the application" time="22.364">
    <system-out><![CDATA[
Scenario: User logs in with valid credentials then Successful checkout process # src/test/resources/features/login.feature:15
🚀 Running tests on Chrome
Initializing LoginSteps...
WebDriver in LoginSteps: ChromeDriver: chrome on mac (52a91e4799497190bf307d0f5940d544)
Navigating to: https://www.saucedemo.com/
  Given the user navigates to the login page                                   # com.automation.stepdefinitions.LoginSteps.navigateToLoginPage()
  When the user enters valid username and password                             # com.automation.stepdefinitions.LoginSteps.enterValidCredentials()
  Then the user should be logged in successfully                               # com.automation.stepdefinitions.LoginSteps.verifyLogin()
  When the user adds the most expensive two products to the cart               # com.automation.stepdefinitions.CheckoutSteps.addExpensiveProductsToCart()
  And the user proceeds to checkout                                            # com.automation.stepdefinitions.CheckoutSteps.proceedToCheckout()
  And the user fills in the checkout form and continues                        # com.automation.stepdefinitions.CheckoutSteps.fillCheckoutFormAndContinue()
  Then the user should be on the Overview page                                 # com.automation.stepdefinitions.CheckoutSteps.verifyOverviewPage()
  And the total amount before taxes should be verified                         # com.automation.stepdefinitions.CheckoutSteps.verifyTotalAmount()
  And the URL should match the expected checkout URL                           # com.automation.stepdefinitions.CheckoutSteps.verifyCheckoutURL()
  When the user clicks on the Finish button                                    # com.automation.stepdefinitions.CheckoutSteps.clickFinishButton()
  Then the Thank You and Order Dispatched messages should be displayed         # com.automation.stepdefinitions.CheckoutSteps.verifyOrderConfirmation()
]]></system-out>
    <system-err><![CDATA[Feb 16, 2025 11:25:08 PM org.openqa.selenium.remote.service.DriverService$Builder getLogOutput
INFO: Driver logs no longer sent to console by default; https://www.selenium.dev/documentation/webdriver/drivers/service/#setting-log-output
Feb 16, 2025 11:25:09 PM org.openqa.selenium.devtools.CdpVersionFinder findNearestMatch
WARNING: Unable to find CDP implementation matching 133
Feb 16, 2025 11:25:09 PM org.openqa.selenium.chromium.ChromiumDriver lambda$new$4
WARNING: Unable to find version of CDP to use for . You may need to include a dependency on a specific version of the CDP using something similar to `org.seleniumhq.selenium:selenium-devtools-v86:4.10.0` where the version ("v86") matches the version of the chromium-based browser you're using and the version number of the artifact is the same as Selenium's.
]]></system-err>
  </testcase>
</testsuite>